Arguments: 
  /usr/local/bin/node /usr/local/bin/yarn

PATH: 
  /opt/homebrew/bin:/opt/homebrew/sbin:/usr/local/bin:/usr/bin:/bin:/usr/sbin:/sbin:/usr/local/sbin:/Library/Apple/usr/bin:/Users/ihsan.helmi/Documents/Flutter/flutter/bin

Yarn version: 
  1.22.19

Node version: 
  16.17.0

Platform: 
  darwin arm64

Trace: 
  Error: https://registry.yarnpkg.com/express_session: Not found
      at Request.params.callback [as _callback] (/usr/local/lib/node_modules/yarn/lib/cli.js:66145:18)
      at Request.self.callback (/usr/local/lib/node_modules/yarn/lib/cli.js:140890:22)
      at Request.emit (node:events:513:28)
      at Request.<anonymous> (/usr/local/lib/node_modules/yarn/lib/cli.js:141862:10)
      at Request.emit (node:events:513:28)
      at IncomingMessage.<anonymous> (/usr/local/lib/node_modules/yarn/lib/cli.js:141784:12)
      at Object.onceWrapper (node:events:627:28)
      at IncomingMessage.emit (node:events:525:35)
      at endReadableNT (node:internal/streams/readable:1358:12)
      at processTicksAndRejections (node:internal/process/task_queues:83:21)

npm manifest: 
  {
    "name": "binar-fsw",
    "version": "1.0.0",
    "description": "",
    "main": "index.js",
    "scripts": {
      "start": "DEBUG=binar-chapter-5:* nodemon ./bin/www",
      "test": "echo \"Error: no test specified\" && exit 1"
    },
    "repository": {
      "type": "git",
      "url": "git+https://github.com/ihsanhf/Binar-FSW.git"
    },
    "author": "Ihsan Helmi Faisal",
    "license": "ISC",
    "bugs": {
      "url": "https://github.com/ihsanhf/Binar-FSW/issues"
    },
    "homepage": "https://github.com/ihsanhf/Binar-FSW#readme",
    "dependencies": {
      "debug": "^4.3.4",
      "ejs": "^3.1.8",
      "express": "^4.18.1",
      "express_session":"4.18.1",
      "http-errors": "^2.0.0",
      "morgan": "^1.10.0",
      "npm": "^8.19.1",
      "pg": "^8.8.0",
      "sequelize": "^6.23.1"
    },
    "devDependencies": {
      "nodemon": "^2.0.19"
    }
  }

yarn manifest: 
  No manifest

Lockfile: 
  No lockfile
